2019-01-10 04:17:03.4882 - Создание объекта контроллера аналогового параметра
2019-01-10 04:17:03.4882 - Создание объекта для работы с базой данных
2019-01-10 04:17:04.0199 - Для чтения из базы данных задан тег - 'TT702'
2019-01-10 04:17:04.0199 - Недопустимое имя столбца "TT702".
2019-01-10 04:17:48.3135 - Создание объекта контроллера аналогового параметра
2019-01-10 04:17:48.3146 - Создание объекта для работы с базой данных
2019-01-10 04:40:33.2706 - Создание объекта контроллера аналогового параметра
2019-01-10 04:40:33.2706 - Создание объекта для работы с базой данных
2019-01-10 04:40:33.8812 - Для чтения из базы данных задан тег - 'TT702'
2019-01-10 04:40:33.8812 - Переописание уставок из базы данных
2019-01-10 04:40:33.8958 - При чтении уставок из базхы данных для тега - 'TT702' возникло исключение -->
	 |______ 2019-01-10 04:40:33.8958 - Заданное приведение является недопустимым.

2019-01-10 04:40:57.1637 - Создание объекта контроллера аналогового параметра
2019-01-10 04:40:57.1637 - Создание объекта для работы с базой данных
2019-01-10 04:41:30.2516 - Создание объекта контроллера аналогового параметра
2019-01-10 04:41:30.2533 - Создание объекта для работы с базой данных
2019-01-10 04:41:34.1379 - Для чтения из базы данных задан тег - 'TT702'
2019-01-10 04:41:34.1379 - Переописание уставок из базы данных
2019-01-10 04:44:22.9058 - Создание объекта контроллера аналогового параметра
2019-01-10 04:44:22.9069 - Создание объекта для работы с базой данных
2019-01-10 04:44:26.5906 - Для чтения из базы данных задан тег - 'TT702'
2019-01-10 04:44:26.5906 - Переописание уставок из базы данных
2019-01-10 04:45:09.6177 - Создание объекта контроллера аналогового параметра
2019-01-10 04:45:09.6177 - Создание объекта для работы с базой данных
2019-01-10 04:45:12.7111 - Для чтения из базы данных задан тег - 'TT702'
2019-01-10 04:45:12.7111 - Переописание уставок из базы данных
