2019-01-14 04:45:12.5872 - Тестовое сообщение
2019-01-14 04:45:12.5894 - Тестовое предупреждение
2019-01-14 04:45:12.5924 - Создание объекта контроллера аналогового параметра
2019-01-14 04:45:12.5935 - Тестовая ошибка -->
	 |______ 2019-01-14 04:45:12.5935 - Продолжение

2019-01-14 04:45:12.5941 - Создание объекта для работы с базой данных
2019-01-14 04:45:12.7250 - Создание объекта для работы с OPC DA сервером
2019-01-14 04:45:12.7424 - Создан объект OPC сервера с URL opcda://localhost/Schneider-Aut.OFS.2
2019-01-14 04:45:12.7727 - Переописание уставок из базы данных
2019-01-14 04:45:12.7740 - Создание объекта визуального предсталвения аналогового параметра
2019-01-14 04:45:12.7750 - В OPC севрер добавлено 20 тегов для работы с уставками
2019-01-14 04:45:12.7770 - Подключние к OPC серверу c URL - 'opcda://localhost/Schneider-Aut.OFS.2'
2019-01-14 04:45:12.8823 - Выполняется сравнение уставок
2019-01-14 04:45:12.8861 - Уставка МАКСИМАЛЬНАЯ имеет различное значение в контроллере и в архиве
2019-01-14 04:45:12.8873 - Уставки архива и контроллера отличаются
2019-01-14 04:45:18.0244 - Тестовое сообщение
2019-01-14 04:45:18.0256 - Тестовое предупреждение
2019-01-14 04:45:18.0275 - Создание объекта контроллера аналогового параметра
2019-01-14 04:45:18.0286 - Тестовая ошибка -->
	 |______ 2019-01-14 04:45:18.0286 - Продолжение

2019-01-14 04:45:18.0307 - Создание объекта для работы с базой данных
2019-01-14 04:45:18.1261 - Создание объекта для работы с OPC DA сервером
2019-01-14 04:45:18.1454 - Создан объект OPC сервера с URL opcda://localhost/Schneider-Aut.OFS.2
2019-01-14 04:45:18.1770 - Переописание уставок из базы данных
2019-01-14 04:45:18.1770 - Создание объекта визуального предсталвения аналогового параметра
2019-01-14 04:45:18.1797 - В OPC севрер добавлено 20 тегов для работы с уставками
2019-01-14 04:45:18.1819 - Подключние к OPC серверу c URL - 'opcda://localhost/Schneider-Aut.OFS.2'
2019-01-14 04:45:18.3019 - Выполняется сравнение уставок
2019-01-14 04:45:18.3060 - Уставка МАКСИМАЛЬНАЯ имеет различное значение в контроллере и в архиве
2019-01-14 04:45:18.3075 - Уставки архива и контроллера отличаются
