2019-01-16 08:58:39.0780 - Тестовое сообщение
2019-01-16 08:58:39.0780 - Тестовое предупреждение
2019-01-16 08:58:39.0780 - Создание объекта контроллера аналогового параметра
2019-01-16 08:58:39.0780 - Тестовая ошибка -->
	 |______ 2019-01-16 08:58:39.0780 - Продолжение

2019-01-16 08:58:39.0941 - Переописание уставок из базы данных
2019-01-16 08:58:39.1089 - Создан объект OPC сервера с URL opcda://localhost/Schneider-Aut.OFS.2
2019-01-16 08:58:39.1089 - Создание объекта визуального предсталвения аналогового параметра
2019-01-16 08:58:39.1089 - В OPC севрер добавлено 21 тегов для работы с уставками
2019-01-16 08:58:39.1089 - Подключние к OPC серверу c URL - 'opcda://localhost/Schneider-Aut.OFS.2'
2019-01-16 08:58:39.1089 - Создание объекта для работы с базой данных
2019-01-16 08:58:39.1245 - Создание объекта для работы с OPC DA сервером
2019-01-16 08:58:42.2039 - Пользователь закрыл диалогово окно
2019-01-16 08:58:43.0656 - Пользователь закрыл диалогово окно
2019-01-16 08:59:21.4054 - Выдача сообщения пользователю - Считанные значения из PLC не достоверны
2019-01-16 08:59:31.4925 - Пользователь закрыл диалогово окно
2019-01-16 08:59:33.5374 - Пользователь закрыл диалогово окно
2019-01-16 08:59:34.4661 - Пользователь закрыл диалогово окно
2019-01-16 09:00:04.4543 - Тестовое предупреждение
2019-01-16 09:00:04.4641 - Тестовое сообщение
2019-01-16 09:00:04.4673 - Тестовая ошибка -->
	 |______ 2019-01-16 09:00:04.4673 - Продолжение

2019-01-16 09:00:04.4712 - Создание объекта для работы с базой данных
2019-01-16 09:00:04.5130 - Создание объекта контроллера аналогового параметра
2019-01-16 09:00:04.9169 - Создание объекта для работы с OPC DA сервером
2019-01-16 09:00:05.0129 - Создан объект OPC сервера с URL opcda://localhost/Schneider-Aut.OFS.2
2019-01-16 09:00:05.1143 - Переописание уставок из базы данных
2019-01-16 09:00:05.1330 - В OPC севрер добавлено 21 тегов для работы с уставками
2019-01-16 09:00:05.1360 - Подключние к OPC серверу c URL - 'opcda://localhost/Schneider-Aut.OFS.2'
2019-01-16 09:00:05.1399 - Создание объекта визуального предсталвения аналогового параметра
2019-01-16 09:00:16.7691 - Выдача сообщения пользователю - Считанные значения из PLC не достоверны
2019-01-16 09:00:20.7103 - Пользователь закрыл диалогово окно
2019-01-16 09:02:13.3985 - Тестовое сообщение
2019-01-16 09:02:13.4061 - Тестовое предупреждение
2019-01-16 09:02:13.4082 - Тестовая ошибка -->
	 |______ 2019-01-16 09:02:13.4082 - Продолжение

2019-01-16 09:02:13.4091 - Создание объекта контроллера аналогового параметра
2019-01-16 09:02:13.4102 - Создание объекта для работы с базой данных
2019-01-16 09:02:13.5946 - Создание объекта для работы с OPC DA сервером
2019-01-16 09:02:13.6592 - Создан объект OPC сервера с URL opcda://localhost/Schneider-Aut.OFS.2
2019-01-16 09:02:13.7330 - Переописание уставок из базы данных
2019-01-16 09:02:13.7573 - Создание объекта визуального предсталвения аналогового параметра
2019-01-16 09:02:13.7597 - Подключние к OPC серверу c URL - 'opcda://localhost/Schneider-Aut.OFS.2'
2019-01-16 09:02:13.7675 - В OPC севрер добавлено 21 тегов для работы с уставками
2019-01-16 09:03:08.5288 - Тестовое сообщение
2019-01-16 09:03:08.5334 - Тестовое предупреждение
2019-01-16 09:03:08.5393 - Тестовая ошибка -->
	 |______ 2019-01-16 09:03:08.5393 - Продолжение

2019-01-16 09:03:08.5404 - Создание объекта контроллера аналогового параметра
2019-01-16 09:03:08.5427 - Создание объекта для работы с базой данных
2019-01-16 09:03:08.7953 - Создание объекта для работы с OPC DA сервером
2019-01-16 09:03:08.8423 - Создан объект OPC сервера с URL opcda://localhost/Schneider-Aut.OFS.2
2019-01-16 09:03:08.8781 - Переописание уставок из базы данных
2019-01-16 09:03:08.8813 - Создание объекта визуального предсталвения аналогового параметра
2019-01-16 09:03:08.8899 - В OPC севрер добавлено 21 тегов для работы с уставками
2019-01-16 09:03:08.8910 - Подключние к OPC серверу c URL - 'opcda://localhost/Schneider-Aut.OFS.2'
2019-01-16 09:04:03.1619 - Тестовое предупреждение
2019-01-16 09:04:03.1650 - Тестовая ошибка -->
	 |______ 2019-01-16 09:04:03.1650 - Продолжение

2019-01-16 09:04:03.1660 - Создание объекта контроллера аналогового параметра
2019-01-16 09:04:03.1670 - Создание объекта для работы с базой данных
2019-01-16 09:04:03.1892 - Тестовое сообщение
2019-01-16 09:04:03.5927 - Создание объекта для работы с OPC DA сервером
2019-01-16 09:04:03.6946 - Создан объект OPC сервера с URL opcda://localhost/Schneider-Aut.OFS.2
2019-01-16 09:04:03.9583 - Переописание уставок из базы данных
2019-01-16 09:04:03.9719 - Создание объекта визуального предсталвения аналогового параметра
2019-01-16 09:04:03.9771 - Подключние к OPC серверу c URL - 'opcda://localhost/Schneider-Aut.OFS.2'
2019-01-16 09:04:03.9782 - В OPC севрер добавлено 21 тегов для работы с уставками
2019-01-16 09:04:04.0876 - Выдача сообщения пользователю - Считанные значения из PLC не достоверны
2019-01-16 09:04:07.2006 - Пользователь закрыл диалогово окно
2019-01-16 09:04:16.8144 - Тестовое сообщение
2019-01-16 09:04:16.8186 - Тестовая ошибка -->
	 |______ 2019-01-16 09:04:16.8186 - Продолжение

2019-01-16 09:04:16.8203 - Создание объекта контроллера аналогового параметра
2019-01-16 09:04:16.8213 - Создание объекта для работы с базой данных
2019-01-16 09:04:16.8254 - Тестовое предупреждение
2019-01-16 09:04:17.0484 - Создание объекта для работы с OPC DA сервером
2019-01-16 09:04:17.1276 - Создан объект OPC сервера с URL opcda://localhost/Schneider-Aut.OFS.2
2019-01-16 09:04:17.1736 - Переописание уставок из базы данных
2019-01-16 09:04:17.1895 - В OPC севрер добавлено 21 тегов для работы с уставками
2019-01-16 09:04:17.1895 - Подключние к OPC серверу c URL - 'opcda://localhost/Schneider-Aut.OFS.2'
2019-01-16 09:04:17.1895 - Создание объекта визуального предсталвения аналогового параметра
2019-01-16 09:04:19.8419 - Выдача сообщения пользователю - Считанные значения из PLC не достоверны
2019-01-16 09:04:32.5167 - Пользователь закрыл диалогово окно
2019-01-16 09:05:57.3989 - Тестовое сообщение
2019-01-16 09:05:57.4056 - Тестовое предупреждение
2019-01-16 09:05:57.4066 - Тестовая ошибка -->
	 |______ 2019-01-16 09:05:57.4066 - Продолжение

2019-01-16 09:05:57.4076 - Создание объекта контроллера аналогового параметра
2019-01-16 09:05:57.4087 - Создание объекта для работы с базой данных
2019-01-16 09:05:57.5672 - Создание объекта для работы с OPC DA сервером
2019-01-16 09:05:57.6131 - Создан объект OPC сервера с URL opcda://localhost/Schneider-Aut.OFS.2
2019-01-16 09:05:57.6444 - Переописание уставок из базы данных
2019-01-16 09:05:57.6444 - Создание объекта визуального предсталвения аналогового параметра
2019-01-16 09:05:57.6613 - В OPC севрер добавлено 21 тегов для работы с уставками
2019-01-16 09:05:57.6613 - Подключние к OPC серверу c URL - 'opcda://localhost/Schneider-Aut.OFS.2'
2019-01-16 09:05:59.2740 - Выдача сообщения пользователю - Считанные значения из PLC не достоверны
2019-01-16 09:06:01.1269 - Пользователь закрыл диалогово окно
2019-01-16 09:06:01.1617 - Выдача сообщения пользователю - Чтение уставок завершено
2019-01-16 09:06:03.5130 - Пользователь закрыл диалогово окно
2019-01-16 09:18:22.3174 - Тестовое сообщение
2019-01-16 09:18:22.3334 - Тестовое предупреждение
2019-01-16 09:18:22.3388 - Создание объекта контроллера аналогового параметра
2019-01-16 09:18:22.3446 - Тестовая ошибка -->
	 |______ 2019-01-16 09:18:22.3446 - Продолжение

2019-01-16 09:18:22.3545 - Создание объекта для работы с базой данных
2019-01-16 09:18:22.6757 - Создание объекта для работы с OPC DA сервером
2019-01-16 09:18:22.8150 - Создан объект OPC сервера с URL opcda://localhost/Schneider-Aut.OFS.2
2019-01-16 09:18:22.9566 - Переописание уставок из базы данных
2019-01-16 09:18:22.9967 - В OPC севрер добавлено 21 тегов для работы с уставками
2019-01-16 09:18:22.9997 - Подключние к OPC серверу c URL - 'opcda://localhost/Schneider-Aut.OFS.2'
2019-01-16 09:18:23.0036 - Создание объекта визуального предсталвения аналогового параметра
2019-01-16 09:18:23.3912 - Выдача сообщения пользователю - Считанные значения из PLC не достоверны
2019-01-16 09:18:25.5766 - Пользователь закрыл диалогово окно
2019-01-16 09:18:25.6157 - Выдача сообщения пользователю - Чтение уставок завершено
2019-01-16 09:18:26.6537 - Пользователь закрыл диалогово окно
2019-01-16 09:18:47.0667 - Тестовое сообщение
2019-01-16 09:18:47.0750 - Тестовая ошибка -->
	 |______ 2019-01-16 09:18:47.0750 - Продолжение

2019-01-16 09:18:47.0774 - Создание объекта контроллера аналогового параметра
2019-01-16 09:18:47.0812 - Создание объекта для работы с базой данных
2019-01-16 09:18:47.0911 - Тестовое предупреждение
2019-01-16 09:18:47.6466 - Создание объекта для работы с OPC DA сервером
2019-01-16 09:18:47.8213 - Создан объект OPC сервера с URL opcda://localhost/Schneider-Aut.OFS.2
2019-01-16 09:18:47.9915 - Переописание уставок из базы данных
2019-01-16 09:18:47.9973 - Создание объекта визуального предсталвения аналогового параметра
2019-01-16 09:18:48.0061 - Подключние к OPC серверу c URL - 'opcda://localhost/Schneider-Aut.OFS.2'
2019-01-16 09:18:48.0237 - В OPC севрер добавлено 21 тегов для работы с уставками
2019-01-16 09:18:48.4794 - Выдача сообщения пользователю - Считанные значения из PLC не достоверны
2019-01-16 09:18:52.0897 - Пользователь закрыл диалогово окно
2019-01-16 09:19:27.5633 - Тестовое предупреждение
2019-01-16 09:19:27.5971 - Тестовое сообщение
2019-01-16 09:19:27.5993 - Создание объекта контроллера аналогового параметра
2019-01-16 09:19:27.6020 - Создание объекта для работы с базой данных
2019-01-16 09:19:27.6284 - Тестовая ошибка -->
	 |______ 2019-01-16 09:19:27.6284 - Продолжение

2019-01-16 09:19:27.9988 - Создание объекта для работы с OPC DA сервером
2019-01-16 09:19:28.1344 - Создан объект OPC сервера с URL opcda://localhost/Schneider-Aut.OFS.2
2019-01-16 09:19:28.2408 - Переописание уставок из базы данных
2019-01-16 09:19:28.2458 - Создание объекта визуального предсталвения аналогового параметра
2019-01-16 09:19:28.2628 - Подключние к OPC серверу c URL - 'opcda://localhost/Schneider-Aut.OFS.2'
2019-01-16 09:19:28.2659 - В OPC севрер добавлено 21 тегов для работы с уставками
2019-01-16 09:19:28.6471 - Выдача сообщения пользователю - Считанные значения из PLC не достоверны
2019-01-16 09:19:30.7544 - Пользователь закрыл диалогово окно
2019-01-16 09:19:41.8124 - Выдача сообщения пользователю - Считанные значения из PLC не достоверны
2019-01-16 09:19:45.7875 - Пользователь закрыл диалогово окно
2019-01-16 09:20:00.9720 - Тестовое сообщение
2019-01-16 09:20:01.0361 - Тестовое предупреждение
2019-01-16 09:20:01.0589 - Создание объекта контроллера аналогового параметра
2019-01-16 09:20:01.0741 - Создание объекта для работы с базой данных
2019-01-16 09:20:01.0784 - Тестовая ошибка -->
	 |______ 2019-01-16 09:20:01.0784 - Продолжение

2019-01-16 09:20:01.4582 - Создание объекта для работы с OPC DA сервером
2019-01-16 09:20:01.5708 - Создан объект OPC сервера с URL opcda://localhost/Schneider-Aut.OFS.2
2019-01-16 09:20:01.6762 - Переописание уставок из базы данных
2019-01-16 09:20:01.6965 - В OPC севрер добавлено 21 тегов для работы с уставками
2019-01-16 09:20:01.7288 - Создание объекта визуального предсталвения аналогового параметра
2019-01-16 09:20:01.7512 - Подключние к OPC серверу c URL - 'opcda://localhost/Schneider-Aut.OFS.2'
2019-01-16 09:20:02.2795 - Выдача сообщения пользователю - Считанные значения из PLC не достоверны
2019-01-16 09:20:04.4300 - Пользователь закрыл диалогово окно
2019-01-16 09:20:08.0719 - Выдача сообщения пользователю - Считанные значения из PLC не достоверны
2019-01-16 09:20:09.9237 - Пользователь закрыл диалогово окно
2019-01-16 09:20:59.5699 - Тестовое сообщение
2019-01-16 09:20:59.5984 - Тестовое предупреждение
2019-01-16 09:20:59.6040 - Создание объекта контроллера аналогового параметра
2019-01-16 09:20:59.6048 - Создание объекта для работы с базой данных
2019-01-16 09:20:59.6098 - Тестовая ошибка -->
	 |______ 2019-01-16 09:20:59.6098 - Продолжение

2019-01-16 09:20:59.9692 - Создание объекта для работы с OPC DA сервером
2019-01-16 09:21:00.1224 - Создан объект OPC сервера с URL opcda://localhost/Schneider-Aut.OFS.2
2019-01-16 09:21:00.2298 - Переописание уставок из базы данных
2019-01-16 09:21:00.2336 - Создание объекта визуального предсталвения аналогового параметра
2019-01-16 09:21:00.2601 - В OPC севрер добавлено 21 тегов для работы с уставками
2019-01-16 09:21:00.2660 - Подключние к OPC серверу c URL - 'opcda://localhost/Schneider-Aut.OFS.2'
2019-01-16 09:21:00.6937 - Выдача сообщения пользователю - Считанные значения из PLC не достоверны
2019-01-16 09:21:02.4934 - Пользователь закрыл диалогово окно
2019-01-16 09:21:12.2996 - Выдача сообщения пользователю - Считанные значения из PLC не достоверны
2019-01-16 09:21:14.3571 - Пользователь закрыл диалогово окно
2019-01-16 09:26:43.1191 - Тестовое сообщение
2019-01-16 09:26:43.1245 - Тестовое предупреждение
2019-01-16 09:26:43.1262 - Тестовая ошибка -->
	 |______ 2019-01-16 09:26:43.1262 - Продолжение

2019-01-16 09:26:43.1280 - Создание объекта контроллера аналогового параметра
2019-01-16 09:26:43.1303 - Создание объекта для работы с базой данных
2019-01-16 09:26:43.2898 - Создание объекта для работы с OPC DA сервером
2019-01-16 09:26:43.3221 - Создан объект OPC сервера с URL opcda://localhost/Schneider-Aut.OFS.2
2019-01-16 09:26:43.3724 - Переописание уставок из базы данных
2019-01-16 09:26:43.3741 - Создание объекта визуального предсталвения аналогового параметра
2019-01-16 09:26:43.3789 - В OPC севрер добавлено 21 тегов для работы с уставками
2019-01-16 09:26:43.3810 - Подключние к OPC серверу c URL - 'opcda://localhost/Schneider-Aut.OFS.2'
2019-01-16 09:26:43.5259 - Выдача сообщения пользователю - Считанные значения из PLC не достоверны
2019-01-16 09:26:45.8317 - Пользователь закрыл диалогово окно
2019-01-16 09:26:45.8405 - Выдача сообщения пользователю - Считанные значения из PLC не достоверны
2019-01-16 09:26:46.6119 - Пользователь закрыл диалогово окно
2019-01-16 09:34:59.4367 - Тестовое сообщение
2019-01-16 09:34:59.4398 - Тестовая ошибка -->
	 |______ 2019-01-16 09:34:59.4398 - Продолжение

2019-01-16 09:34:59.4670 - Создание объекта контроллера аналогового параметра
2019-01-16 09:34:59.4690 - Тестовое предупреждение
2019-01-16 09:34:59.4699 - Создание объекта для работы с базой данных
2019-01-16 09:35:12.0013 - Создание объекта для работы с OPC DA сервером
2019-01-16 09:35:12.1273 - Создан объект OPC сервера с URL opcda://localhost/Schneider-Aut.OFS.2
2019-01-16 09:35:14.1291 - Переописание уставок из базы данных
2019-01-16 09:35:14.1334 - Создание объекта визуального предсталвения аналогового параметра
2019-01-16 09:35:14.1398 - В OPC севрер добавлено 21 тегов для работы с уставками
2019-01-16 09:35:14.1443 - Подключние к OPC серверу c URL - 'opcda://localhost/Schneider-Aut.OFS.2'
2019-01-16 09:35:14.9435 - Выдача сообщения пользователю - Считанные значения из PLC не достоверны
2019-01-16 09:36:47.8368 - Пользователь закрыл диалогово окно
2019-01-16 09:36:47.8929 - Выдача сообщения пользователю - Считанные значения из PLC не достоверны
2019-01-16 09:36:48.4365 - Пользователь закрыл диалогово окно
2019-01-16 09:38:13.3013 - Тестовое сообщение
2019-01-16 09:38:13.3276 - Тестовое предупреждение
2019-01-16 09:38:13.3294 - Создание объекта контроллера аналогового параметра
2019-01-16 09:38:13.3482 - Создание объекта для работы с базой данных
2019-01-16 09:38:13.4772 - Тестовая ошибка -->
	 |______ 2019-01-16 09:38:13.4772 - Продолжение

2019-01-16 09:38:14.0689 - Создание объекта для работы с OPC DA сервером
2019-01-16 09:38:14.6566 - Создан объект OPC сервера с URL opcda://localhost/Schneider-Aut.OFS.2
2019-01-16 09:38:14.7974 - Переописание уставок из базы данных
2019-01-16 09:38:14.8032 - Создание объекта визуального предсталвения аналогового параметра
2019-01-16 09:38:14.8297 - В OPC севрер добавлено 21 тегов для работы с уставками
2019-01-16 09:38:14.8334 - Подключние к OPC серверу c URL - 'opcda://localhost/Schneider-Aut.OFS.2'
2019-01-16 09:40:45.4681 - Выдача сообщения пользователю - Считанные значения из PLC не достоверны
2019-01-16 09:40:47.7053 - Пользователь закрыл диалогово окно
2019-01-16 09:41:34.5760 - Тестовое сообщение
2019-01-16 09:41:34.5816 - Тестовое предупреждение
2019-01-16 09:41:34.6311 - Создание объекта для работы с базой данных
2019-01-16 09:41:34.6353 - Тестовая ошибка -->
	 |______ 2019-01-16 09:41:34.6353 - Продолжение

2019-01-16 09:41:34.6370 - Создание объекта контроллера аналогового параметра
2019-01-16 09:41:34.8779 - Создание объекта для работы с OPC DA сервером
2019-01-16 09:41:35.0129 - Создан объект OPC сервера с URL opcda://localhost/Schneider-Aut.OFS.2
2019-01-16 09:41:35.2178 - Переописание уставок из базы данных
2019-01-16 09:41:35.2286 - Создание объекта визуального предсталвения аналогового параметра
2019-01-16 09:41:35.2310 - В OPC севрер добавлено 21 тегов для работы с уставками
2019-01-16 09:41:35.2315 - Подключние к OPC серверу c URL - 'opcda://localhost/Schneider-Aut.OFS.2'
2019-01-16 09:41:35.7471 - Выдача сообщения пользователю - Считанные значения из PLC не достоверны
2019-01-16 09:41:36.4817 - Пользователь закрыл диалогово окно
