2019-01-11 03:29:28.8155 - Создание объекта контроллера аналогового параметра
2019-01-11 03:29:28.8166 - Создание объекта для работы с базой данных
2019-01-11 03:29:31.8907 - Создание объекта для работы с OPC DA сервером
2019-01-11 03:29:31.9013 - Создан объект OPC сервера с URL opcda://localhost/Schneider-Aut.OFS.2
2019-01-11 03:29:31.9041 - Переописание уставок из базы данных
2019-01-11 03:29:31.9054 - В OPC севрер добавлено 20 тегов для работы с уставками
2019-01-11 03:29:31.9059 - Подключние к OPC серверу c URL - 'opcda://localhost/Schneider-Aut.OFS.2'
2019-01-11 03:31:39.1473 - Создание объекта контроллера аналогового параметра
2019-01-11 03:31:39.1521 - Создание объекта для работы с базой данных
2019-01-11 03:31:39.6677 - Создание объекта для работы с OPC DA сервером
2019-01-11 03:31:40.1765 - Создан объект OPC сервера с URL opcda://localhost/Schneider-Aut.OFS.2
2019-01-11 03:31:40.1765 - Переописание уставок из базы данных
2019-01-11 03:31:40.1765 - В OPC севрер добавлено 20 тегов для работы с уставками
2019-01-11 03:31:40.1775 - Подключние к OPC серверу c URL - 'opcda://localhost/Schneider-Aut.OFS.2'
2019-01-11 03:32:21.8840 - Создание объекта контроллера аналогового параметра
2019-01-11 03:32:21.8846 - Создание объекта для работы с базой данных
2019-01-11 03:32:26.6188 - Создание объекта для работы с OPC DA сервером
2019-01-11 03:32:26.6188 - Создан объект OPC сервера с URL opcda://localhost/Schneider-Aut.OFS.2
2019-01-11 03:32:26.6188 - Переописание уставок из базы данных
2019-01-11 03:32:26.6201 - В OPC севрер добавлено 20 тегов для работы с уставками
2019-01-11 03:32:26.6201 - Подключние к OPC серверу c URL - 'opcda://localhost/Schneider-Aut.OFS.2'
2019-01-11 03:34:11.9447 - Создание объекта контроллера аналогового параметра
2019-01-11 03:34:11.9493 - Создание объекта для работы с базой данных
2019-01-11 03:34:12.9151 - Создание объекта для работы с OPC DA сервером
2019-01-11 03:34:12.9160 - Создан объект OPC сервера с URL opcda://localhost/Schneider-Aut.OFS.2
2019-01-11 03:34:12.9166 - Переописание уставок из базы данных
2019-01-11 03:34:12.9166 - В OPC севрер добавлено 20 тегов для работы с уставками
2019-01-11 03:34:12.9166 - Подключние к OPC серверу c URL - 'opcda://localhost/Schneider-Aut.OFS.2'
2019-01-11 03:35:01.4083 - Создание объекта контроллера аналогового параметра
2019-01-11 03:35:01.4094 - Создание объекта для работы с базой данных
2019-01-11 03:35:01.9414 - Создание объекта для работы с OPC DA сервером
2019-01-11 03:35:01.9414 - Создан объект OPC сервера с URL opcda://localhost/Schneider-Aut.OFS.2
2019-01-11 03:35:02.4463 - Переописание уставок из базы данных
2019-01-11 03:35:02.4463 - В OPC севрер добавлено 20 тегов для работы с уставками
2019-01-11 03:35:02.4473 - Подключние к OPC серверу c URL - 'opcda://localhost/Schneider-Aut.OFS.2'
2019-01-11 03:35:47.7461 - Создание объекта контроллера аналогового параметра
2019-01-11 03:35:47.7461 - Создание объекта для работы с базой данных
2019-01-11 03:35:48.2804 - Создание объекта для работы с OPC DA сервером
2019-01-11 03:35:48.7873 - Создан объект OPC сервера с URL opcda://localhost/Schneider-Aut.OFS.2
2019-01-11 03:35:48.7884 - Переописание уставок из базы данных
2019-01-11 03:35:48.7884 - В OPC севрер добавлено 20 тегов для работы с уставками
2019-01-11 03:35:48.7890 - Подключние к OPC серверу c URL - 'opcda://localhost/Schneider-Aut.OFS.2'
2019-01-11 03:37:14.3287 - Создание объекта контроллера аналогового параметра
2019-01-11 03:37:14.3441 - Создание объекта для работы с базой данных
2019-01-11 03:37:14.8824 - Создание объекта для работы с OPC DA сервером
2019-01-11 03:37:14.8824 - Создан объект OPC сервера с URL opcda://localhost/Schneider-Aut.OFS.2
2019-01-11 03:37:18.4135 - Переописание уставок из базы данных
2019-01-11 03:37:18.4151 - В OPC севрер добавлено 20 тегов для работы с уставками
2019-01-11 03:37:45.9414 - Создание объекта контроллера аналогового параметра
2019-01-11 03:37:45.9455 - Создание объекта для работы с базой данных
2019-01-11 03:37:46.4691 - Создание объекта для работы с OPC DA сервером
2019-01-11 03:37:48.9824 - Создан объект OPC сервера с URL opcda://localhost/Schneider-Aut.OFS.2
2019-01-11 03:37:48.9862 - Переописание уставок из базы данных
2019-01-11 03:37:48.9873 - В OPC севрер добавлено 20 тегов для работы с уставками
2019-01-11 03:42:24.8260 - Создание объекта контроллера аналогового параметра
2019-01-11 03:42:24.8260 - Создание объекта для работы с базой данных
2019-01-11 03:42:25.3366 - Создание объекта для работы с OPC DA сервером
2019-01-11 03:42:30.0998 - Создан объект OPC сервера с URL opcda://localhost/Schneider-Aut.OFS.2
2019-01-11 03:42:30.1007 - Переописание уставок из базы данных
2019-01-11 03:42:30.1007 - В OPC севрер добавлено 20 тегов для работы с уставками
2019-01-11 03:42:58.5519 - Создание объекта контроллера аналогового параметра
2019-01-11 03:42:58.5530 - Создание объекта для работы с базой данных
2019-01-11 03:42:59.1957 - Создание объекта для работы с OPC DA сервером
2019-01-11 03:43:01.9227 - Создан объект OPC сервера с URL opcda://localhost/Schneider-Aut.OFS.2
2019-01-11 03:43:01.9227 - Переописание уставок из базы данных
2019-01-11 03:43:01.9239 - В OPC севрер добавлено 20 тегов для работы с уставками
2019-01-11 04:03:00.9378 - Создание объекта контроллера аналогового параметра
2019-01-11 04:03:00.9417 - Создание объекта для работы с базой данных
2019-01-11 04:03:01.4515 - Создание объекта для работы с OPC DA сервером
2019-01-11 04:03:01.4515 - Создан объект OPC сервера с URL opcda://localhost/Schneider-Aut.OFS.2
2019-01-11 04:03:06.2631 - Переописание уставок из базы данных
2019-01-11 04:03:06.2631 - В OPC севрер добавлено 20 тегов для работы с уставками
2019-01-11 04:03:09.0957 - Подключние к OPC серверу c URL - 'opcda://localhost/Schneider-Aut.OFS.2'
2019-01-11 04:04:06.5927 - Создание объекта контроллера аналогового параметра
2019-01-11 04:04:06.5987 - Создание объекта для работы с базой данных
2019-01-11 04:04:07.1493 - Создание объекта для работы с OPC DA сервером
2019-01-11 04:04:07.6631 - Создан объект OPC сервера с URL opcda://localhost/Schneider-Aut.OFS.2
2019-01-11 04:04:07.6660 - Переописание уставок из базы данных
2019-01-11 04:04:07.6660 - В OPC севрер добавлено 20 тегов для работы с уставками
2019-01-11 04:04:07.6671 - Подключние к OPC серверу c URL - 'opcda://localhost/Schneider-Aut.OFS.2'
2019-01-11 04:05:07.5276 - Создание объекта контроллера аналогового параметра
2019-01-11 04:05:07.5488 - Создание объекта для работы с базой данных
2019-01-11 04:05:08.0693 - Создание объекта для работы с OPC DA сервером
2019-01-11 04:05:08.0716 - Создан объект OPC сервера с URL opcda://localhost/Schneider-Aut.OFS.2
2019-01-11 04:05:08.5847 - Переописание уставок из базы данных
2019-01-11 04:05:08.5858 - В OPC севрер добавлено 20 тегов для работы с уставками
2019-01-11 04:05:08.5858 - Подключние к OPC серверу c URL - 'opcda://localhost/Schneider-Aut.OFS.2'
2019-01-11 04:34:31.6368 - Создание объекта контроллера аналогового параметра
2019-01-11 04:34:31.6382 - Создание объекта для работы с базой данных
2019-01-11 04:34:32.1684 - Создание объекта для работы с OPC DA сервером
2019-01-11 04:34:39.6394 - Создан объект OPC сервера с URL opcda://localhost/Schneider-Aut.OFS.2
2019-01-11 04:34:39.6405 - Переописание уставок из базы данных
2019-01-11 04:35:22.7351 - Создание объекта контроллера аналогового параметра
2019-01-11 04:35:22.7362 - Создание объекта для работы с базой данных
2019-01-11 04:35:23.3310 - Создание объекта для работы с OPC DA сервером
2019-01-11 04:35:29.0757 - Создан объект OPC сервера с URL opcda://localhost/Schneider-Aut.OFS.2
2019-01-11 04:35:29.0768 - Переописание уставок из базы данных
2019-01-11 04:35:44.4066 - Создание объекта контроллера аналогового параметра
2019-01-11 04:35:44.4174 - Создание объекта для работы с базой данных
2019-01-11 04:35:45.0129 - Создание объекта для работы с OPC DA сервером
2019-01-11 04:35:45.5187 - Создан объект OPC сервера с URL opcda://localhost/Schneider-Aut.OFS.2
2019-01-11 04:35:45.5198 - Переописание уставок из базы данных
2019-01-11 04:35:45.5198 - В OPC севрер добавлено 20 тегов для работы с уставками
2019-01-11 04:35:45.5198 - Подключние к OPC серверу c URL - 'opcda://localhost/Schneider-Aut.OFS.2'
2019-01-11 04:35:56.1718 - Создание объекта контроллера аналогового параметра
2019-01-11 04:35:56.1777 - Создание объекта для работы с базой данных
2019-01-11 04:35:57.2821 - Создание объекта для работы с OPC DA сервером
2019-01-11 04:35:57.7889 - Создан объект OPC сервера с URL opcda://localhost/Schneider-Aut.OFS.2
2019-01-11 04:35:57.7906 - Переописание уставок из базы данных
2019-01-11 04:35:57.7906 - В OPC севрер добавлено 20 тегов для работы с уставками
2019-01-11 04:35:57.7917 - Подключние к OPC серверу c URL - 'opcda://localhost/Schneider-Aut.OFS.2'
2019-01-11 04:36:36.1474 - Создание объекта контроллера аналогового параметра
2019-01-11 04:36:36.1512 - Создание объекта для работы с базой данных
2019-01-11 04:36:37.2247 - Создание объекта для работы с OPC DA сервером
2019-01-11 04:36:37.2253 - Создан объект OPC сервера с URL opcda://localhost/Schneider-Aut.OFS.2
2019-01-11 04:36:37.2253 - Переописание уставок из базы данных
2019-01-11 04:36:37.2253 - В OPC севрер добавлено 20 тегов для работы с уставками
2019-01-11 04:36:37.2264 - Подключние к OPC серверу c URL - 'opcda://localhost/Schneider-Aut.OFS.2'
